# JRE version: OpenJDK Runtime Environment (14.0.1+7) (build 14.0.1+7)
# Java VM: OpenJDK 64-Bit Server VM (14.0.1+7, mixed mode, sharing, tiered, compressed oops, g1 gc, windows-amd64)
Heap:
 garbage-first heap   total 161792K, used 42436K [0x0000000700000000, 0x0000000800000000)
  region size 1024K, 27 young (27648K), 2 survivors (2048K)
 Metaspace       used 37790K, capacity 38732K, committed 38960K, reserved 1083392K
  class space    used 3864K, capacity 4143K, committed 4224K, reserved 1048576K
GC Heap History (20 events):
Event: 11.068 GC heap before
{Heap before GC invocations=17 (full 0):
 garbage-first heap   total 61440K, used 48791K [0x0000000700000000, 0x0000000800000000)
  region size 1024K, 33 young (33792K), 2 survivors (2048K)
 Metaspace       used 37525K, capacity 38370K, committed 38704K, reserved 1083392K
  class space    used 3858K, capacity 4109K, committed 4224K, reserved 1048576K
}
Event: 11.069 GC heap after
{Heap after GC invocations=18 (full 0):
 garbage-first heap   total 61440K, used 18424K [0x0000000700000000, 0x0000000800000000)
  region size 1024K, 2 young (2048K), 2 survivors (2048K)
 Metaspace       used 37525K, capacity 38370K, committed 38704K, reserved 1083392K
  class space    used 3858K, capacity 4109K, committed 4224K, reserved 1048576K
}
Event: 11.122 GC heap before
{Heap before GC invocations=18 (full 0):
 garbage-first heap   total 61440K, used 50168K [0x0000000700000000, 0x0000000800000000)
  region size 1024K, 33 young (33792K), 2 survivors (2048K)
 Metaspace       used 37558K, capacity 38370K, committed 38704K, reserved 1083392K
  class space    used 3858K, capacity 4109K, committed 4224K, reserved 1048576K
}
Event: 11.124 GC heap after
{Heap after GC invocations=19 (full 0):
 garbage-first heap   total 61440K, used 18410K [0x0000000700000000, 0x0000000800000000)
  region size 1024K, 2 young (2048K), 2 survivors (2048K)
 Metaspace       used 37558K, capacity 38370K, committed 38704K, reserved 1083392K
  class space    used 3858K, capacity 4109K, committed 4224K, reserved 1048576K
}
Event: 11.177 GC heap before
{Heap before GC invocations=19 (full 0):
 garbage-first heap   total 61440K, used 50154K [0x0000000700000000, 0x0000000800000000)
  region size 1024K, 33 young (33792K), 2 survivors (2048K)
 Metaspace       used 37559K, capacity 38434K, committed 38704K, reserved 1083392K
  class space    used 3858K, capacity 4109K, committed 4224K, reserved 1048576K
}
Event: 11.179 GC heap after
{Heap after GC invocations=20 (full 0):
 garbage-first heap   total 61440K, used 18222K [0x0000000700000000, 0x0000000800000000)
  region size 1024K, 2 young (2048K), 2 survivors (2048K)
 Metaspace       used 37559K, capacity 38434K, committed 38704K, reserved 1083392K
  class space    used 3858K, capacity 4109K, committed 4224K, reserved 1048576K
}
Event: 11.233 GC heap before
{Heap before GC invocations=20 (full 0):
 garbage-first heap   total 61440K, used 50990K [0x0000000700000000, 0x0000000800000000)
  region size 1024K, 34 young (34816K), 2 survivors (2048K)
 Metaspace       used 37559K, capacity 38434K, committed 38704K, reserved 1083392K
  class space    used 3858K, capacity 4109K, committed 4224K, reserved 1048576K
}
Event: 11.235 GC heap after
{Heap after GC invocations=21 (full 0):
 garbage-first heap   total 61440K, used 18220K [0x0000000700000000, 0x0000000800000000)
  region size 1024K, 2 young (2048K), 2 survivors (2048K)
 Metaspace       used 37559K, capacity 38434K, committed 38704K, reserved 1083392K
  class space    used 3858K, capacity 4109K, committed 4224K, reserved 1048576K
}
Event: 11.293 GC heap before
{Heap before GC invocations=21 (full 0):
 garbage-first heap   total 61440K, used 50988K [0x0000000700000000, 0x0000000800000000)
  region size 1024K, 34 young (34816K), 2 survivors (2048K)
 Metaspace       used 37559K, capacity 38434K, committed 38704K, reserved 1083392K
  class space    used 3858K, capacity 4109K, committed 4224K, reserved 1048576K
}
Event: 11.294 GC heap after
{Heap after GC invocations=22 (full 0):
 garbage-first heap   total 61440K, used 17728K [0x0000000700000000, 0x0000000800000000)
  region size 1024K, 2 young (2048K), 2 survivors (2048K)
 Metaspace       used 37559K, capacity 38434K, committed 38704K, reserved 1083392K
  class space    used 3858K, capacity 4109K, committed 4224K, reserved 1048576K
}
Event: 11.347 GC heap before
{Heap before GC invocations=22 (full 0):
 garbage-first heap   total 61440K, used 50496K [0x0000000700000000, 0x0000000800000000)
  region size 1024K, 34 young (34816K), 2 survivors (2048K)
 Metaspace       used 37560K, capacity 38434K, committed 38704K, reserved 1083392K
  class space    used 3858K, capacity 4109K, committed 4224K, reserved 1048576K
}
Event: 11.348 GC heap after
{Heap after GC invocations=23 (full 0):
 garbage-first heap   total 61440K, used 17800K [0x0000000700000000, 0x0000000800000000)
  region size 1024K, 2 young (2048K), 2 survivors (2048K)
 Metaspace       used 37560K, capacity 38434K, committed 38704K, reserved 1083392K
  class space    used 3858K, capacity 4109K, committed 4224K, reserved 1048576K
}
Event: 11.404 GC heap before
{Heap before GC invocations=23 (full 0):
 garbage-first heap   total 61440K, used 51592K [0x0000000700000000, 0x0000000800000000)
  region size 1024K, 35 young (35840K), 2 survivors (2048K)
 Metaspace       used 37561K, capacity 38434K, committed 38704K, reserved 1083392K
  class space    used 3858K, capacity 4109K, committed 4224K, reserved 1048576K
}
Event: 11.405 GC heap after
{Heap after GC invocations=24 (full 0):
 garbage-first heap   total 61440K, used 18614K [0x0000000700000000, 0x0000000800000000)
  region size 1024K, 3 young (3072K), 3 survivors (3072K)
 Metaspace       used 37561K, capacity 38434K, committed 38704K, reserved 1083392K
  class space    used 3858K, capacity 4109K, committed 4224K, reserved 1048576K
}
Event: 11.458 GC heap before
{Heap before GC invocations=24 (full 0):
 garbage-first heap   total 61440K, used 50358K [0x0000000700000000, 0x0000000800000000)
  region size 1024K, 34 young (34816K), 3 survivors (3072K)
 Metaspace       used 37595K, capacity 38434K, committed 38704K, reserved 1083392K
  class space    used 3858K, capacity 4109K, committed 4224K, reserved 1048576K
}
Event: 11.460 GC heap after
{Heap after GC invocations=25 (full 0):
 garbage-first heap   total 61440K, used 18222K [0x0000000700000000, 0x0000000800000000)
  region size 1024K, 2 young (2048K), 2 survivors (2048K)
 Metaspace       used 37595K, capacity 38434K, committed 38704K, reserved 1083392K
  class space    used 3858K, capacity 4109K, committed 4224K, reserved 1048576K
}
Event: 11.512 GC heap before
{Heap before GC invocations=25 (full 0):
 garbage-first heap   total 61440K, used 52014K [0x0000000700000000, 0x0000000800000000)
  region size 1024K, 35 young (35840K), 2 survivors (2048K)
 Metaspace       used 37596K, capacity 38434K, committed 38704K, reserved 1083392K
  class space    used 3858K, capacity 4109K, committed 4224K, reserved 1048576K
}
Event: 11.514 GC heap after
{Heap after GC invocations=26 (full 0):
 garbage-first heap   total 161792K, used 18925K [0x0000000700000000, 0x0000000800000000)
  region size 1024K, 3 young (3072K), 3 survivors (3072K)
 Metaspace       used 37596K, capacity 38434K, committed 38704K, reserved 1083392K
  class space    used 3858K, capacity 4109K, committed 4224K, reserved 1048576K
}
Event: 11.687 GC heap before
{Heap before GC invocations=26 (full 0):
 garbage-first heap   total 161792K, used 112109K [0x0000000700000000, 0x0000000800000000)
  region size 1024K, 94 young (96256K), 3 survivors (3072K)
 Metaspace       used 37639K, capacity 38498K, committed 38704K, reserved 1083392K
  class space    used 3858K, capacity 4109K, committed 4224K, reserved 1048576K
}
Event: 11.689 GC heap after
{Heap after GC invocations=27 (full 0):
 garbage-first heap   total 161792K, used 17860K [0x0000000700000000, 0x0000000800000000)
  region size 1024K, 2 young (2048K), 2 survivors (2048K)
 Metaspace       used 37639K, capacity 38498K, committed 38704K, reserved 1083392K
  class space    used 3858K, capacity 4109K, committed 4224K, reserved 1048576K
}

